# JRE version: Java(TM) SE Runtime Environment (11.0.2+9) (build 11.0.2+9-LTS)
# Java VM: Java HotSpot(TM) 64-Bit Server VM (11.0.2+9-LTS, mixed mode, tiered, compressed oops, g1 gc, windows-amd64)
Heap:
 garbage-first heap   total 196608K, used 80885K [0x0000000740400000, 0x0000000800000000)
  region size 1024K, 79 young (80896K), 0 survivors (0K)
 Metaspace       used 6304K, capacity 6506K, committed 6784K, reserved 1056768K
  class space    used 530K, capacity 545K, committed 640K, reserved 1048576K
GC Heap History (10 events):
Event: 181.644 GC heap before
{Heap before GC invocations=451 (full 0):
 garbage-first heap   total 196608K, used 117751K [0x0000000740400000, 0x0000000800000000)
  region size 1024K, 115 young (117760K), 1 survivors (1024K)
 Metaspace       used 6304K, capacity 6506K, committed 6784K, reserved 1056768K
  class space    used 530K, capacity 545K, committed 640K, reserved 1048576K
}
Event: 181.644 GC heap after
{Heap after GC invocations=452 (full 0):
 garbage-first heap   total 196608K, used 1021K [0x0000000740400000, 0x0000000800000000)
  region size 1024K, 1 young (1024K), 1 survivors (1024K)
 Metaspace       used 6304K, capacity 6506K, committed 6784K, reserved 1056768K
  class space    used 530K, capacity 545K, committed 640K, reserved 1048576K
}
Event: 182.020 GC heap before
{Heap before GC invocations=452 (full 0):
 garbage-first heap   total 196608K, used 117757K [0x0000000740400000, 0x0000000800000000)
  region size 1024K, 115 young (117760K), 1 survivors (1024K)
 Metaspace       used 6304K, capacity 6506K, committed 6784K, reserved 1056768K
  class space    used 530K, capacity 545K, committed 640K, reserved 1048576K
}
Event: 182.020 GC heap after
{Heap after GC invocations=453 (full 0):
 garbage-first heap   total 196608K, used 1013K [0x0000000740400000, 0x0000000800000000)
  region size 1024K, 0 young (0K), 0 survivors (0K)
 Metaspace       used 6304K, capacity 6506K, committed 6784K, reserved 1056768K
  class space    used 530K, capacity 545K, committed 640K, reserved 1048576K
}
Event: 182.400 GC heap before
{Heap before GC invocations=453 (full 0):
 garbage-first heap   total 196608K, used 118773K [0x0000000740400000, 0x0000000800000000)
  region size 1024K, 115 young (117760K), 0 survivors (0K)
 Metaspace       used 6304K, capacity 6506K, committed 6784K, reserved 1056768K
  class space    used 530K, capacity 545K, committed 640K, reserved 1048576K
}
Event: 182.400 GC heap after
{Heap after GC invocations=454 (full 0):
 garbage-first heap   total 196608K, used 1017K [0x0000000740400000, 0x0000000800000000)
  region size 1024K, 1 young (1024K), 1 survivors (1024K)
 Metaspace       used 6304K, capacity 6506K, committed 6784K, reserved 1056768K
  class space    used 530K, capacity 545K, committed 640K, reserved 1048576K
}
Event: 182.777 GC heap before
{Heap before GC invocations=454 (full 0):
 garbage-first heap   total 196608K, used 117753K [0x0000000740400000, 0x0000000800000000)
  region size 1024K, 115 young (117760K), 1 survivors (1024K)
 Metaspace       used 6304K, capacity 6506K, committed 6784K, reserved 1056768K
  class space    used 530K, capacity 545K, committed 640K, reserved 1048576K
}
Event: 182.777 GC heap after
{Heap after GC invocations=455 (full 0):
 garbage-first heap   total 196608K, used 1021K [0x0000000740400000, 0x0000000800000000)
  region size 1024K, 1 young (1024K), 1 survivors (1024K)
 Metaspace       used 6304K, capacity 6506K, committed 6784K, reserved 1056768K
  class space    used 530K, capacity 545K, committed 640K, reserved 1048576K
}
Event: 183.215 GC heap before
{Heap before GC invocations=455 (full 0):
 garbage-first heap   total 196608K, used 117757K [0x0000000740400000, 0x0000000800000000)
  region size 1024K, 115 young (117760K), 1 survivors (1024K)
 Metaspace       used 6304K, capacity 6506K, committed 6784K, reserved 1056768K
  class space    used 530K, capacity 545K, committed 640K, reserved 1048576K
}
Event: 183.215 GC heap after
{Heap after GC invocations=456 (full 0):
 garbage-first heap   total 196608K, used 1013K [0x0000000740400000, 0x0000000800000000)
  region size 1024K, 0 young (0K), 0 survivors (0K)
 Metaspace       used 6304K, capacity 6506K, committed 6784K, reserved 1056768K
  class space    used 530K, capacity 545K, committed 640K, reserved 1048576K
}

